<?xml version="1.0" encoding="UTF-8"?>
<beans xmlns="http://www.springframework.org/schema/beans"
	xmlns:context="http://www.springframework.org/schema/context"
	xmlns:mvc="http://www.springframework.org/schema/mvc" xmlns:xsi="http://www.w3.org/2001/XMLSchema-instance"
	xmlns:jpa="http://www.springframework.org/schema/data/jpa"
    xmlns:tx="http://www.springframework.org/schema/tx"
	xsi:schemaLocation="
        http://www.springframework.org/schema/beans     
        http://www.springframework.org/schema/beans/spring-beans-3.0.xsd
        http://www.springframework.org/schema/context 
        http://www.springframework.org/schema/context/spring-context-3.0.xsd
        http://www.springframework.org/schema/mvc
        http://www.springframework.org/schema/mvc/spring-mvc-3.0.xsd
        http://www.springframework.org/schema/tx 
        http://www.springframework.org/schema/tx/spring-tx-3.0.xsd">

	<!-- for debUnit tests -->
 	<bean id="dataSource" class="org.springframework.jdbc.datasource.DriverManagerDataSource">
	    <property name="driverClassName" value="org.hsqldb.jdbcDriver"/>
	    <property name="url" value="jdbc:hsqldb:mem:testDB;MVCC=true"/>
	    <property name="username" value="sa"/>
	    <property name="password" value=""/>
	</bean>
	<!--  Hibernate template beans -->
	<bean id="sessionFactory" class="org.springframework.orm.hibernate4.LocalSessionFactoryBean">
 		<property name="dataSource" ref="dataSource" />
 		<property name="packagesToScan">
        	<list>
            	<value>ch.uzh.csg.mbps.server.domain</value>
        	</list>
    	</property>
 		<!-- <property name="configLocation" value="classpath:hibernate.cfg.xml" /> -->
 		<property name="hibernateProperties">
 		    <props>
 		        <prop key="hibernate.dialect">org.hibernate.dialect.HSQLDialect</prop>
 		        <prop key="hibernate.default_schema">public</prop>
 		        <prop key="hibernate.show_sql">true</prop>
 		        <prop key="hibernate.hbm2ddl.auto">create-drop</prop>
 		       	<prop key="connection.pool_size">1</prop>
 		        <prop key="jdbc.batch_size">20</prop>
 		    </props>
 		</property>
 	</bean>
</beans>