<?xml version="1.0" encoding="UTF-8"?>
<beans xmlns="http://www.springframework.org/schema/beans"
	xmlns:context="http://www.springframework.org/schema/context"
	xmlns:mvc="http://www.springframework.org/schema/mvc" xmlns:xsi="http://www.w3.org/2001/XMLSchema-instance"
	xmlns:jpa="http://www.springframework.org/schema/data/jpa"
    xmlns:tx="http://www.springframework.org/schema/tx"
	xsi:schemaLocation="
        http://www.springframework.org/schema/beans     
        http://www.springframework.org/schema/beans/spring-beans-3.0.xsd
        http://www.springframework.org/schema/context 
        http://www.springframework.org/schema/context/spring-context-3.0.xsd
        http://www.springframework.org/schema/mvc
        http://www.springframework.org/schema/mvc/spring-mvc-3.0.xsd
        http://www.springframework.org/schema/tx 
        http://www.springframework.org/schema/tx/spring-tx-3.0.xsd">

	<!-- for debUnit tests -->
 	<bean id="dataSource" class="org.springframework.jdbc.datasource.DriverManagerDataSource">
	    <property name="driverClassName" value="org.hsqldb.jdbcDriver"/>
	    <property name="url" value="jdbc:hsqldb:mem:public"/>
	    <property name="username" value="sa"/>
	    <property name="password" value=""/>
	</bean>
	<!--  Hibernate template beans -->
	<bean id="sessionFactory" class="org.springframework.orm.hibernate4.LocalSessionFactoryBean">
 		<property name="dataSource">
 			<ref local="dataSource" />
 		</property>
 		<property name="configLocation" value="classpath:hibernate.cfg.xml" />
 		<property name="hibernateProperties">
 			<value>
 			    hibernate.dialect=org.hibernate.dialect.HSQLDialect
 				hibernate.format_sql=true
 				hibernate.hbm2ddl.auto=create-drop
	 			hibernate.show_sql=true
 				use_sql_comments=true
 				hibernate.connection.autocommit=true
 			</value>
 		</property>
 	</bean>
	<bean id="hibernateTemplate" class="org.springframework.orm.hibernate4.HibernateTransactionManager">
	      <property name="sessionFactory" ref="sessionFactory"></property>
	</bean>
</beans>